<?xml version="1.0" encoding="UTF-8"?>
<!-- Generated by org.testng.reporters.JUnitReportReporter -->
<testsuite hostname="PIT0901" failures="0" tests="1" name="testDemoWebShop.Tests" time="6.297" errors="0" timestamp="2022-06-16T00:50:42 SAST" skipped="0">
  <testcase classname="testDemoWebShop.Tests" name="GIVEN_UserOnCartPage_WHEN_UserSelectsItemToRemove_AND_UserUpdatesShoppingCart_THEN_TheItemWillBeRemoved" time="6.297"/>
  <system-out>
    <![CDATA[Item removed:  Your Shopping Cart is empty!]]>
  </system-out>
</testsuite> <!-- testDemoWebShop.Tests -->
