<?xml version="1.0" encoding="UTF-8"?>
<!-- Generated by org.testng.reporters.JUnitReportReporter -->
<testsuite hostname="PIT0901" failures="0" tests="1" name="testDemoWebShop.RestTest" time="2.320" errors="0" timestamp="2022-06-26T21:41:04 SAST" skipped="0">
  <testcase classname="testDemoWebShop.RestTest" name="getShippingCountryDesc" time="2.320"/>
  <system-out/>
</testsuite> <!-- testDemoWebShop.RestTest -->
