<?xml version="1.0" encoding="UTF-8"?>
<!-- Generated by org.testng.reporters.JUnitReportReporter -->
<testsuite hostname="PIT0901" failures="0" tests="1" name="testDemoWebShop.RestTest" time="1.666" errors="0" timestamp="2022-06-17T12:16:15 SAST" skipped="0">
  <testcase classname="testDemoWebShop.RestTest" name="getShippingdDetailsByID" time="1.666"/>
  <system-out/>
</testsuite> <!-- testDemoWebShop.RestTest -->
