<?xml version="1.0" encoding="UTF-8"?>
<!-- Generated by org.testng.reporters.JUnitReportReporter -->
<testsuite hostname="PIT0901" failures="0" tests="1" name="testDemoWebShop.RestTest" time="2.101" errors="0" timestamp="2022-06-26T20:51:57 SAST" skipped="0">
  <testcase classname="testDemoWebShop.RestTest" name="testCase" time="2.101"/>
  <system-out/>
</testsuite> <!-- testDemoWebShop.RestTest -->
